C:\USERS\LAPIDARY\DESKTOP\HAPPYLLK最新版\DEBUG\HAPPYLLK.EXE
C:\USERS\LAPIDARY\DESKTOP\HAPPYLLK最新版\DEBUG\HAPPYLLK.ILK
C:\USERS\LAPIDARY\DESKTOP\HAPPYLLK最新版\DEBUG\HAPPYLLK.PDB
C:\USERS\LAPIDARY\DESKTOP\HAPPYLLK最新版\HAPPYLLK\DEBUG\GAMECLASS.OBJ
C:\USERS\LAPIDARY\DESKTOP\HAPPYLLK最新版\HAPPYLLK\DEBUG\HAPPYLLK.EXE.EMBED.MANIFEST
C:\USERS\LAPIDARY\DESKTOP\HAPPYLLK最新版\HAPPYLLK\DEBUG\HAPPYLLK.EXE.EMBED.MANIFEST.RES
C:\USERS\LAPIDARY\DESKTOP\HAPPYLLK最新版\HAPPYLLK\DEBUG\HAPPYLLK.EXE.INTERMEDIATE.MANIFEST
C:\USERS\LAPIDARY\DESKTOP\HAPPYLLK最新版\HAPPYLLK\DEBUG\HAPPYLLK.OBJ
C:\USERS\LAPIDARY\DESKTOP\HAPPYLLK最新版\HAPPYLLK\DEBUG\HAPPYLLK.PCH
C:\USERS\LAPIDARY\DESKTOP\HAPPYLLK最新版\HAPPYLLK\DEBUG\HAPPYLLK.RES
C:\USERS\LAPIDARY\DESKTOP\HAPPYLLK最新版\HAPPYLLK\DEBUG\HAPPYLLKDLG.OBJ
C:\USERS\LAPIDARY\DESKTOP\HAPPYLLK最新版\HAPPYLLK\DEBUG\MYPROCTRL.OBJ
C:\USERS\LAPIDARY\DESKTOP\HAPPYLLK最新版\HAPPYLLK\DEBUG\STDAFX.OBJ
C:\USERS\LAPIDARY\DESKTOP\HAPPYLLK最新版\HAPPYLLK\DEBUG\VC100.PDB
C:\USERS\LAPIDARY\DESKTOP\LLKCLIENT\DEBUG\HAPPYLLK.EXE
C:\USERS\LAPIDARY\DESKTOP\LLKCLIENT\DEBUG\HAPPYLLK.ILK
C:\USERS\LAPIDARY\DESKTOP\LLKCLIENT\DEBUG\HAPPYLLK.PDB
C:\USERS\LAPIDARY\DESKTOP\LLKCLIENT\HAPPYLLK\DEBUG\GAMECLASS.OBJ
C:\USERS\LAPIDARY\DESKTOP\LLKCLIENT\HAPPYLLK\DEBUG\HAPPYLLK.EXE.EMBED.MANIFEST.RES
C:\USERS\LAPIDARY\DESKTOP\LLKCLIENT\HAPPYLLK\DEBUG\HAPPYLLK.OBJ
C:\USERS\LAPIDARY\DESKTOP\LLKCLIENT\HAPPYLLK\DEBUG\HAPPYLLK.PCH
C:\USERS\LAPIDARY\DESKTOP\LLKCLIENT\HAPPYLLK\DEBUG\HAPPYLLK.RES
C:\USERS\LAPIDARY\DESKTOP\LLKCLIENT\HAPPYLLK\DEBUG\HAPPYLLKDLG.OBJ
C:\USERS\LAPIDARY\DESKTOP\LLKCLIENT\HAPPYLLK\DEBUG\MYPROCTRL.OBJ
C:\USERS\LAPIDARY\DESKTOP\LLKCLIENT\HAPPYLLK\DEBUG\MYSERVER.OBJ
C:\USERS\LAPIDARY\DESKTOP\LLKCLIENT\HAPPYLLK\DEBUG\STDAFX.OBJ
C:\USERS\LAPIDARY\DESKTOP\LLKCLIENT\HAPPYLLK\DEBUG\VC100.PDB
E:\数据结构\连连看\HAPPYLLK最新版\DEBUG\HAPPYLLK.EXE
E:\数据结构\连连看\HAPPYLLK最新版\DEBUG\HAPPYLLK.ILK
E:\数据结构\连连看\HAPPYLLK最新版\DEBUG\HAPPYLLK.PDB
E:\数据结构\连连看\HAPPYLLK最新版\HAPPYLLK\DEBUG\GAMECLASS.OBJ
E:\数据结构\连连看\HAPPYLLK最新版\HAPPYLLK\DEBUG\HAPPYLLK.EXE.EMBED.MANIFEST.RES
E:\数据结构\连连看\HAPPYLLK最新版\HAPPYLLK\DEBUG\HAPPYLLK.EXE.INTERMEDIATE.MANIFEST
E:\数据结构\连连看\HAPPYLLK最新版\HAPPYLLK\DEBUG\HAPPYLLK.OBJ
E:\数据结构\连连看\HAPPYLLK最新版\HAPPYLLK\DEBUG\HAPPYLLK.PCH
E:\数据结构\连连看\HAPPYLLK最新版\HAPPYLLK\DEBUG\HAPPYLLK.RES
E:\数据结构\连连看\HAPPYLLK最新版\HAPPYLLK\DEBUG\HAPPYLLKDLG.OBJ
E:\数据结构\连连看\HAPPYLLK最新版\HAPPYLLK\DEBUG\MYPROCTRL.OBJ
E:\数据结构\连连看\HAPPYLLK最新版\HAPPYLLK\DEBUG\STDAFX.OBJ
E:\数据结构\连连看\HAPPYLLK最新版\HAPPYLLK\DEBUG\VC100.PDB
E:\数据结构\连连看\新版\HAPPYLLK\DEBUG\HAPPYLLK.EXE
E:\数据结构\连连看\新版\HAPPYLLK\DEBUG\HAPPYLLK.ILK
E:\数据结构\连连看\新版\HAPPYLLK\DEBUG\HAPPYLLK.PDB
E:\数据结构\连连看\新版\HAPPYLLK\HAPPYLLK\DEBUG\GAMECLASS.OBJ
E:\数据结构\连连看\新版\HAPPYLLK\HAPPYLLK\DEBUG\HAPPYLLK.EXE.EMBED.MANIFEST
E:\数据结构\连连看\新版\HAPPYLLK\HAPPYLLK\DEBUG\HAPPYLLK.EXE.EMBED.MANIFEST.RES
E:\数据结构\连连看\新版\HAPPYLLK\HAPPYLLK\DEBUG\HAPPYLLK.EXE.INTERMEDIATE.MANIFEST
E:\数据结构\连连看\新版\HAPPYLLK\HAPPYLLK\DEBUG\HAPPYLLK.OBJ
E:\数据结构\连连看\新版\HAPPYLLK\HAPPYLLK\DEBUG\HAPPYLLK.PCH
E:\数据结构\连连看\新版\HAPPYLLK\HAPPYLLK\DEBUG\HAPPYLLK.RES
E:\数据结构\连连看\新版\HAPPYLLK\HAPPYLLK\DEBUG\HAPPYLLKDLG.OBJ
E:\数据结构\连连看\新版\HAPPYLLK\HAPPYLLK\DEBUG\MYPROCTRL.OBJ
E:\数据结构\连连看\新版\HAPPYLLK\HAPPYLLK\DEBUG\STDAFX.OBJ
E:\数据结构\连连看\新版\HAPPYLLK\HAPPYLLK\DEBUG\VC100.PDB
E:\在&学习记录\数据结构\连连看\LLKCLIENT\DEBUG\HAPPYLLK.EXE
E:\在&学习记录\数据结构\连连看\LLKCLIENT\DEBUG\HAPPYLLK.ILK
E:\在&学习记录\数据结构\连连看\LLKCLIENT\DEBUG\HAPPYLLK.PDB
E:\在&学习记录\数据结构\连连看\LLKClient\HappyLLK\Debug\cl.command.1.tlog
E:\在&学习记录\数据结构\连连看\LLKClient\HappyLLK\Debug\CL.read.1.tlog
E:\在&学习记录\数据结构\连连看\LLKClient\HappyLLK\Debug\CL.write.1.tlog
E:\在&学习记录\数据结构\连连看\LLKCLIENT\HAPPYLLK\DEBUG\GAMECLASS.OBJ
E:\在&学习记录\数据结构\连连看\LLKClient\HappyLLK\Debug\HappyLLK.exe.embed.manifest
E:\在&学习记录\数据结构\连连看\LLKClient\HappyLLK\Debug\HappyLLK.exe.embed.manifest.res
E:\在&学习记录\数据结构\连连看\LLKClient\HappyLLK\Debug\HappyLLK.exe.intermediate.manifest
E:\在&学习记录\数据结构\连连看\LLKCLIENT\HAPPYLLK\DEBUG\HAPPYLLK.OBJ
E:\在&学习记录\数据结构\连连看\LLKCLIENT\HAPPYLLK\DEBUG\HAPPYLLK.PCH
E:\在&学习记录\数据结构\连连看\LLKCLIENT\HAPPYLLK\DEBUG\HAPPYLLK.RES
E:\在&学习记录\数据结构\连连看\LLKClient\HappyLLK\Debug\HappyLLK.vcxprojResolveAssemblyReference.cache
E:\在&学习记录\数据结构\连连看\LLKClient\HappyLLK\Debug\HappyLLK.write.1.tlog
E:\在&学习记录\数据结构\连连看\LLKClient\HappyLLK\Debug\HappyLLK_manifest.rc
E:\在&学习记录\数据结构\连连看\LLKCLIENT\HAPPYLLK\DEBUG\HAPPYLLKDLG.OBJ
E:\在&学习记录\数据结构\连连看\LLKClient\HappyLLK\Debug\link.12700.read.1.tlog
E:\在&学习记录\数据结构\连连看\LLKClient\HappyLLK\Debug\link.12700.write.1.tlog
E:\在&学习记录\数据结构\连连看\LLKClient\HappyLLK\Debug\link.12700-cvtres.read.1.tlog
E:\在&学习记录\数据结构\连连看\LLKClient\HappyLLK\Debug\link.12700-cvtres.write.1.tlog
E:\在&学习记录\数据结构\连连看\LLKClient\HappyLLK\Debug\link.13364.read.1.tlog
E:\在&学习记录\数据结构\连连看\LLKClient\HappyLLK\Debug\link.13364.write.1.tlog
E:\在&学习记录\数据结构\连连看\LLKClient\HappyLLK\Debug\link.13364-cvtres.read.1.tlog
E:\在&学习记录\数据结构\连连看\LLKClient\HappyLLK\Debug\link.13364-cvtres.write.1.tlog
E:\在&学习记录\数据结构\连连看\LLKClient\HappyLLK\Debug\link.13824.read.1.tlog
E:\在&学习记录\数据结构\连连看\LLKClient\HappyLLK\Debug\link.13824.write.1.tlog
E:\在&学习记录\数据结构\连连看\LLKClient\HappyLLK\Debug\link.13824-cvtres.read.1.tlog
E:\在&学习记录\数据结构\连连看\LLKClient\HappyLLK\Debug\link.13824-cvtres.write.1.tlog
E:\在&学习记录\数据结构\连连看\LLKClient\HappyLLK\Debug\link.14276.read.1.tlog
E:\在&学习记录\数据结构\连连看\LLKClient\HappyLLK\Debug\link.14276.write.1.tlog
E:\在&学习记录\数据结构\连连看\LLKClient\HappyLLK\Debug\link.14276-cvtres.read.1.tlog
E:\在&学习记录\数据结构\连连看\LLKClient\HappyLLK\Debug\link.14276-cvtres.write.1.tlog
E:\在&学习记录\数据结构\连连看\LLKClient\HappyLLK\Debug\link.15664.read.1.tlog
E:\在&学习记录\数据结构\连连看\LLKClient\HappyLLK\Debug\link.15664.write.1.tlog
E:\在&学习记录\数据结构\连连看\LLKClient\HappyLLK\Debug\link.15664-cvtres.read.1.tlog
E:\在&学习记录\数据结构\连连看\LLKClient\HappyLLK\Debug\link.15664-cvtres.write.1.tlog
E:\在&学习记录\数据结构\连连看\LLKClient\HappyLLK\Debug\link.3040.read.1.tlog
E:\在&学习记录\数据结构\连连看\LLKClient\HappyLLK\Debug\link.3040.write.1.tlog
E:\在&学习记录\数据结构\连连看\LLKClient\HappyLLK\Debug\link.3040-cvtres.read.1.tlog
E:\在&学习记录\数据结构\连连看\LLKClient\HappyLLK\Debug\link.3040-cvtres.write.1.tlog
E:\在&学习记录\数据结构\连连看\LLKClient\HappyLLK\Debug\link.4036.read.1.tlog
E:\在&学习记录\数据结构\连连看\LLKClient\HappyLLK\Debug\link.4036.write.1.tlog
E:\在&学习记录\数据结构\连连看\LLKClient\HappyLLK\Debug\link.4036-cvtres.read.1.tlog
E:\在&学习记录\数据结构\连连看\LLKClient\HappyLLK\Debug\link.4036-cvtres.write.1.tlog
E:\在&学习记录\数据结构\连连看\LLKClient\HappyLLK\Debug\link.7032.read.1.tlog
E:\在&学习记录\数据结构\连连看\LLKClient\HappyLLK\Debug\link.7032.write.1.tlog
E:\在&学习记录\数据结构\连连看\LLKClient\HappyLLK\Debug\link.7032-cvtres.read.1.tlog
E:\在&学习记录\数据结构\连连看\LLKClient\HappyLLK\Debug\link.7032-cvtres.write.1.tlog
E:\在&学习记录\数据结构\连连看\LLKClient\HappyLLK\Debug\link.7220.read.1.tlog
E:\在&学习记录\数据结构\连连看\LLKClient\HappyLLK\Debug\link.7220.write.1.tlog
E:\在&学习记录\数据结构\连连看\LLKClient\HappyLLK\Debug\link.7220-cvtres.read.1.tlog
E:\在&学习记录\数据结构\连连看\LLKClient\HappyLLK\Debug\link.7220-cvtres.write.1.tlog
E:\在&学习记录\数据结构\连连看\LLKClient\HappyLLK\Debug\link.8956.read.1.tlog
E:\在&学习记录\数据结构\连连看\LLKClient\HappyLLK\Debug\link.8956.write.1.tlog
E:\在&学习记录\数据结构\连连看\LLKClient\HappyLLK\Debug\link.8956-cvtres.read.1.tlog
E:\在&学习记录\数据结构\连连看\LLKClient\HappyLLK\Debug\link.8956-cvtres.write.1.tlog
E:\在&学习记录\数据结构\连连看\LLKClient\HappyLLK\Debug\link.9504.read.1.tlog
E:\在&学习记录\数据结构\连连看\LLKClient\HappyLLK\Debug\link.9504.write.1.tlog
E:\在&学习记录\数据结构\连连看\LLKClient\HappyLLK\Debug\link.9504-cvtres.read.1.tlog
E:\在&学习记录\数据结构\连连看\LLKClient\HappyLLK\Debug\link.9504-cvtres.write.1.tlog
E:\在&学习记录\数据结构\连连看\LLKClient\HappyLLK\Debug\link.command.1.tlog
E:\在&学习记录\数据结构\连连看\LLKClient\HappyLLK\Debug\link.read.1.tlog
E:\在&学习记录\数据结构\连连看\LLKClient\HappyLLK\Debug\link.write.1.tlog
E:\在&学习记录\数据结构\连连看\LLKClient\HappyLLK\Debug\link-cvtres.read.1.tlog
E:\在&学习记录\数据结构\连连看\LLKClient\HappyLLK\Debug\link-cvtres.write.1.tlog
E:\在&学习记录\数据结构\连连看\LLKClient\HappyLLK\Debug\mt.command.1.tlog
E:\在&学习记录\数据结构\连连看\LLKClient\HappyLLK\Debug\mt.read.1.tlog
E:\在&学习记录\数据结构\连连看\LLKClient\HappyLLK\Debug\mt.write.1.tlog
E:\在&学习记录\数据结构\连连看\LLKCLIENT\HAPPYLLK\DEBUG\MYPROCTRL.OBJ
E:\在&学习记录\数据结构\连连看\LLKCLIENT\HAPPYLLK\DEBUG\MYSERVER.OBJ
E:\在&学习记录\数据结构\连连看\LLKClient\HappyLLK\Debug\rc.command.1.tlog
E:\在&学习记录\数据结构\连连看\LLKClient\HappyLLK\Debug\rc.read.1.tlog
E:\在&学习记录\数据结构\连连看\LLKClient\HappyLLK\Debug\rc.write.1.tlog
E:\在&学习记录\数据结构\连连看\LLKCLIENT\HAPPYLLK\DEBUG\STDAFX.OBJ
E:\在&学习记录\数据结构\连连看\LLKClient\HappyLLK\Debug\vc100.idb
E:\在&学习记录\数据结构\连连看\LLKCLIENT\HAPPYLLK\DEBUG\VC100.PDB
