.\Debug\myServer.bsc
.\Debug\myServer.ilk
.\Debug\myServer.pdb
C:\Users\Lapidary\Desktop\CAsyncSocket\myServer\.\Debug\myServer.exe
C:\Users\Lapidary\Desktop\CAsyncSocket\myServer\.\Debug\myServer.exe.intermediate.manifest
C:\Users\Lapidary\Desktop\CAsyncSocket\myServer\Debug\BscMake.command.1.tlog
C:\Users\Lapidary\Desktop\CAsyncSocket\myServer\Debug\bscmake.read.1.tlog
C:\Users\Lapidary\Desktop\CAsyncSocket\myServer\Debug\bscmake.write.1.tlog
C:\Users\Lapidary\Desktop\CAsyncSocket\myServer\Debug\cl.command.1.tlog
C:\Users\Lapidary\Desktop\CAsyncSocket\myServer\Debug\CL.read.1.tlog
C:\Users\Lapidary\Desktop\CAsyncSocket\myServer\Debug\CL.write.1.tlog
C:\USERS\LAPIDARY\DESKTOP\CASYNCSOCKET\MYSERVER\DEBUG\CLIENTSOCK.OBJ
C:\USERS\LAPIDARY\DESKTOP\CASYNCSOCKET\MYSERVER\DEBUG\CLIENTSOCK.SBR
C:\Users\Lapidary\Desktop\CAsyncSocket\myServer\Debug\link.command.1.tlog
C:\Users\Lapidary\Desktop\CAsyncSocket\myServer\Debug\link.read.1.tlog
C:\Users\Lapidary\Desktop\CAsyncSocket\myServer\Debug\link.write.1.tlog
C:\Users\Lapidary\Desktop\CAsyncSocket\myServer\Debug\link-cvtres.read.1.tlog
C:\Users\Lapidary\Desktop\CAsyncSocket\myServer\Debug\link-cvtres.write.1.tlog
C:\Users\Lapidary\Desktop\CAsyncSocket\myServer\Debug\mt.command.1.tlog
C:\Users\Lapidary\Desktop\CAsyncSocket\myServer\Debug\mt.read.1.tlog
C:\Users\Lapidary\Desktop\CAsyncSocket\myServer\Debug\mt.write.1.tlog
C:\USERS\LAPIDARY\DESKTOP\CASYNCSOCKET\MYSERVER\DEBUG\MYSERVER.BSC
C:\USERS\LAPIDARY\DESKTOP\CASYNCSOCKET\MYSERVER\DEBUG\MYSERVER.EXE
C:\USERS\LAPIDARY\DESKTOP\CASYNCSOCKET\MYSERVER\DEBUG\MYSERVER.EXE.EMBED.MANIFEST
C:\USERS\LAPIDARY\DESKTOP\CASYNCSOCKET\MYSERVER\DEBUG\MYSERVER.EXE.EMBED.MANIFEST.RES
C:\USERS\LAPIDARY\DESKTOP\CASYNCSOCKET\MYSERVER\DEBUG\MYSERVER.EXE.INTERMEDIATE.MANIFEST
C:\USERS\LAPIDARY\DESKTOP\CASYNCSOCKET\MYSERVER\DEBUG\MYSERVER.ILK
C:\USERS\LAPIDARY\DESKTOP\CASYNCSOCKET\MYSERVER\DEBUG\MYSERVER.OBJ
C:\USERS\LAPIDARY\DESKTOP\CASYNCSOCKET\MYSERVER\DEBUG\MYSERVER.PCH
C:\USERS\LAPIDARY\DESKTOP\CASYNCSOCKET\MYSERVER\DEBUG\MYSERVER.PDB
C:\USERS\LAPIDARY\DESKTOP\CASYNCSOCKET\MYSERVER\DEBUG\MYSERVER.RES
C:\USERS\LAPIDARY\DESKTOP\CASYNCSOCKET\MYSERVER\DEBUG\MYSERVER.SBR
C:\Users\Lapidary\Desktop\CAsyncSocket\myServer\Debug\myServer.write.1.tlog
C:\Users\Lapidary\Desktop\CAsyncSocket\myServer\Debug\myServer_manifest.rc
C:\USERS\LAPIDARY\DESKTOP\CASYNCSOCKET\MYSERVER\DEBUG\MYSERVERDLG.OBJ
C:\USERS\LAPIDARY\DESKTOP\CASYNCSOCKET\MYSERVER\DEBUG\MYSERVERDLG.SBR
C:\USERS\LAPIDARY\DESKTOP\CASYNCSOCKET\MYSERVER\DEBUG\MYSOCKET.OBJ
C:\USERS\LAPIDARY\DESKTOP\CASYNCSOCKET\MYSERVER\DEBUG\MYSOCKET.SBR
C:\Users\Lapidary\Desktop\CAsyncSocket\myServer\Debug\rc.command.1.tlog
C:\Users\Lapidary\Desktop\CAsyncSocket\myServer\Debug\rc.read.1.tlog
C:\Users\Lapidary\Desktop\CAsyncSocket\myServer\Debug\rc.write.1.tlog
C:\USERS\LAPIDARY\DESKTOP\CASYNCSOCKET\MYSERVER\DEBUG\STDAFX.OBJ
C:\USERS\LAPIDARY\DESKTOP\CASYNCSOCKET\MYSERVER\DEBUG\STDAFX.SBR
C:\Users\Lapidary\Desktop\CAsyncSocket\myServer\Debug\vc100.idb
C:\USERS\LAPIDARY\DESKTOP\CASYNCSOCKET\MYSERVER\DEBUG\VC100.PDB
