生成启动时间为 2015/1/3 19:47:44。
     1>项目“E:\在&学习记录\数据结构\连连看\myServer\myServer.vcxproj”在节点 2 上(build 个目标)。
     1>InitializeBuildStatus:
         正在创建“.\Debug\myServer.unsuccessfulbuild”，因为已指定“AlwaysCreate”。
       ClCompile:
         所有输出均为最新。
         所有输出均为最新。
       ResourceCompile:
         所有输出均为最新。
       ManifestResourceCompile:
         所有输出均为最新。
       Link:
         所有输出均为最新。
       Manifest:
         C:\Program Files (x86)\Microsoft SDKs\Windows\v7.0A\bin\mt.exe /nologo /verbose /out:".\Debug\myServer.exe.embed.manifest" /manifest .\Debug\myServer.exe.intermediate.manifest "D:\Program Files (x86)\Microsoft Visual Studio 10.0\VC\Include\Manifest\dpiaware.manifest"
         所有输出均为最新。
       BscMake:
         所有输出均为最新。
       FinalizeBuildStatus:
         正在删除文件“.\Debug\myServer.unsuccessfulbuild”。
         正在对“.\Debug\myServer.lastbuildstate”执行 Touch 任务。
     1>已完成生成项目“E:\在&学习记录\数据结构\连连看\myServer\myServer.vcxproj”(build 个目标)的操作。

生成成功。

已用时间 00:00:00.76
